<?xml version="1.0" encoding="UTF-8"?>
<!-- Generated by org.testng.reporters.JUnitReportReporter -->
<testsuite name="api.test.coinsecure.loginApiTest.AppTest" tests="1" failures="0" timestamp="15 Sep 2017 10:02:29 GMT" time="11.458" errors="0">
  <testcase name="testStatusCode" time="11.458" classname="api.test.coinsecure.loginApiTest.AppTest"/>
</testsuite> <!-- api.test.coinsecure.loginApiTest.AppTest -->
