<?xml version="1.0" encoding="UTF-8"?>
<!-- Generated by org.testng.reporters.JUnitReportReporter -->
<testsuite hostname="Irfans-MacBook-Air.local" name="logincases.InvalidToken" tests="1" failures="0" timestamp="5 Oct 2017 05:28:56 GMT" time="26.159" errors="0">
  <testcase name="invalidToken" time="26.159" classname="logincases.InvalidToken"/>
</testsuite> <!-- logincases.InvalidToken -->
