<?xml version="1.0" encoding="UTF-8"?>
<!-- Generated by org.testng.reporters.JUnitReportReporter -->
<testsuite hostname="Irfans-MacBook-Air.local" name="base.DriverCreation" tests="1" failures="0" timestamp="4 Oct 2017 15:20:52 GMT" time="22.960" errors="0">
  <testcase name="wrongEmail" time="22.960" classname="base.DriverCreation"/>
</testsuite> <!-- base.DriverCreation -->
