<?xml version="1.0" encoding="UTF-8"?>
<!-- Generated by org.testng.reporters.JUnitReportReporter -->
<testsuite hostname="Irfans-MacBook-Air.local" name="logincases.SignUp" tests="1" failures="0" timestamp="16 Nov 2017 05:36:47 GMT" time="33.455" errors="0">
  <testcase name="signUp" time="33.455" classname="logincases.SignUp"/>
</testsuite> <!-- logincases.SignUp -->
