<?xml version="1.0" encoding="UTF-8"?>
<!-- Generated by org.testng.reporters.JUnitReportReporter -->
<testsuite hostname="Irfans-MacBook-Air.local" name="logincases.LoginAuthy" tests="1" failures="0" timestamp="24 Nov 2017 05:58:10 GMT" time="49.962" errors="0">
  <testcase name="loginTfa" time="49.962" classname="logincases.LoginAuthy"/>
</testsuite> <!-- logincases.LoginAuthy -->
