<?xml version="1.0" encoding="UTF-8"?>
<!-- Generated by org.testng.reporters.JUnitReportReporter -->
<testsuite hostname="Irfans-MacBook-Air.local" name="logincases.LoginToken" tests="1" failures="0" timestamp="27 Nov 2017 06:32:12 GMT" time="69.519" errors="0">
  <testcase name="loginToken" time="69.519" classname="logincases.LoginToken"/>
</testsuite> <!-- logincases.LoginToken -->
