<?xml version="1.0" encoding="UTF-8"?>
<!-- Generated by org.testng.reporters.JUnitReportReporter -->
<testsuite hostname="Irfans-MacBook-Air.local" name="logincases.InvalidPassword" tests="1" failures="0" timestamp="5 Oct 2017 05:30:41 GMT" time="34.950" errors="0">
  <testcase name="invalidPassword" time="34.950" classname="logincases.InvalidPassword"/>
</testsuite> <!-- logincases.InvalidPassword -->
